<?xml version="1.0" encoding="UTF-8" ?>
<testsuite tests="1" failures="0" name="TestSuite" time="5.672" errors="0" skipped="0">
  <properties>
    <property name="java.runtime.name" value="Java(TM) SE Runtime Environment"/>
    <property name="sun.boot.library.path" value="C:\ZhangWei\program\jdk\jre\bin"/>
    <property name="java.vm.version" value="25.131-b11"/>
    <property name="java.vm.vendor" value="Oracle Corporation"/>
    <property name="java.vendor.url" value="http://java.oracle.com/"/>
    <property name="path.separator" value=";"/>
    <property name="guice.disable.misplaced.annotation.check" value="true"/>
    <property name="java.vm.name" value="Java HotSpot(TM) 64-Bit Server VM"/>
    <property name="file.encoding.pkg" value="sun.io"/>
    <property name="user.script" value=""/>
    <property name="user.country" value="CN"/>
    <property name="sun.java.launcher" value="SUN_STANDARD"/>
    <property name="sun.os.patch.level" value=""/>
    <property name="java.vm.specification.name" value="Java Virtual Machine Specification"/>
    <property name="user.dir" value="C:\ZhangWei\code\eclipseWorkSpace\ras_fms"/>
    <property name="java.runtime.version" value="1.8.0_131-b11"/>
    <property name="java.awt.graphicsenv" value="sun.awt.Win32GraphicsEnvironment"/>
    <property name="java.endorsed.dirs" value="C:\ZhangWei\program\jdk\jre\lib\endorsed"/>
    <property name="os.arch" value="amd64"/>
    <property name="java.io.tmpdir" value="C:\Users\zhangwei\AppData\Local\Temp\"/>
    <property name="line.separator" value="
"/>
    <property name="java.vm.specification.vendor" value="Oracle Corporation"/>
    <property name="user.variant" value=""/>
    <property name="os.name" value="Windows 10"/>
    <property name="classworlds.conf" value="C:\ZhangWei\code\eclipseWorkSpace\.metadata\.plugins\org.eclipse.m2e.launching\launches\m2conf9191914114939520308.tmp"/>
    <property name="sun.jnu.encoding" value="GBK"/>
    <property name="java.library.path" value="C:\ZhangWei\program\jdk\bin;C:\WINDOWS\Sun\Java\bin;C:\WINDOWS\system32;C:\WINDOWS;C:/ZhangWei/program/jdk/bin/../jre/bin/server;C:/ZhangWei/program/jdk/bin/../jre/bin;C:/ZhangWei/program/jdk/bin/../jre/lib/amd64;C:\Windows\system32;C:\Windows;C:\Windows\System32\Wbem;C:\Windows\System32\WindowsPowerShell\v1.0\;C:\Program Files (x86)\NVIDIA Corporation\PhysX\Common;C:\Program Files\Intel\WiFi\bin\;C:\Program Files\Common Files\Intel\WirelessCommon\;C:\ZhangWei\program\jdk\bin;C:\ZhangWei\program\jdk\jre\bin;C:\ZhangWei\program\Git\cmd;C:\ZhangWei\program\apache-ant-1.10.1\bin;C:\ZhangWei\program\apache-maven-3.5.0\bin;C:\ZhangWei\program\node\;C:\ZhangWei\program\python\;C:\Program Files (x86)\Yarn\bin;%SystemRoot%\system32;%SystemRoot%;%SystemRoot%\System32\Wbem;%SYSTEMROOT%\System32\WindowsPowerShell\v1.0\;C:\ZhangWei\program\python\Scripts\;C:\ZhangWei\program\python\;C:\Users\zhangwei\AppData\Local\Microsoft\WindowsApps;;C:\duangangqiang\Microsoft VS Code\bin;C:\Users\zhangwei\AppData\Roaming\npm;C:\Program Files\Bandizip\;C:\Users\zhangwei\AppData\Local\Yarn\bin;C:\ZhangWei\program\eclipse;;."/>
    <property name="java.specification.name" value="Java Platform API Specification"/>
    <property name="java.class.version" value="52.0"/>
    <property name="sun.management.compiler" value="HotSpot 64-Bit Tiered Compilers"/>
    <property name="os.version" value="10.0"/>
    <property name="user.home" value="C:\Users\zhangwei"/>
    <property name="user.timezone" value="Asia/Shanghai"/>
    <property name="java.awt.printerjob" value="sun.awt.windows.WPrinterJob"/>
    <property name="java.specification.version" value="1.8"/>
    <property name="file.encoding" value="UTF-8"/>
    <property name="user.name" value="zhangwei"/>
    <property name="java.class.path" value="/C:/ZhangWei/program/eclipse/configuration/org.eclipse.osgi/bundles/535/1/.cp/jars/plexus-classworlds-2.4.jar"/>
    <property name="java.vm.specification.version" value="1.8"/>
    <property name="sun.arch.data.model" value="64"/>
    <property name="java.home" value="C:\ZhangWei\program\jdk\jre"/>
    <property name="sun.java.command" value="org.codehaus.plexus.classworlds.launcher.Launcher -B test"/>
    <property name="java.specification.vendor" value="Oracle Corporation"/>
    <property name="user.language" value="zh"/>
    <property name="awt.toolkit" value="sun.awt.windows.WToolkit"/>
    <property name="java.vm.info" value="mixed mode"/>
    <property name="java.version" value="1.8.0_131"/>
    <property name="java.ext.dirs" value="C:\ZhangWei\program\jdk\jre\lib\ext;C:\WINDOWS\Sun\Java\lib\ext"/>
    <property name="sun.boot.class.path" value="C:\ZhangWei\program\jdk\jre\lib\resources.jar;C:\ZhangWei\program\jdk\jre\lib\rt.jar;C:\ZhangWei\program\jdk\jre\lib\sunrsasign.jar;C:\ZhangWei\program\jdk\jre\lib\jsse.jar;C:\ZhangWei\program\jdk\jre\lib\jce.jar;C:\ZhangWei\program\jdk\jre\lib\charsets.jar;C:\ZhangWei\program\jdk\jre\lib\jfr.jar;C:\ZhangWei\program\jdk\jre\classes"/>
    <property name="java.vendor" value="Oracle Corporation"/>
    <property name="maven.home" value="C:\ZhangWei\code\eclipseWorkSpace\ras_fms\EMBEDDED"/>
    <property name="file.separator" value="\"/>
    <property name="java.vendor.url.bug" value="http://bugreport.sun.com/bugreport/"/>
    <property name="maven.bootclasspath" value="/C:/ZhangWei/program/eclipse/configuration/org.eclipse.osgi/bundles/535/1/.cp/jars/plexus-classworlds-2.4.jar"/>
    <property name="sun.cpu.endian" value="little"/>
    <property name="sun.io.unicode.encoding" value="UnicodeLittle"/>
    <property name="sun.desktop" value="windows"/>
    <property name="sun.cpu.isalist" value="amd64"/>
  </properties>
  <testcase classname="com.mushishi.selenium.testCase.SuiteTestLogin" name="testLogin" time="5.672"/>
</testsuite>