<?xml version="1.0" encoding="UTF-8"?>
<!-- Generated by org.testng.reporters.JUnitReportReporter -->
<testsuite skipped="0" hostname="DESKTOP-V6094B8" name="com.mushishi.selenium.testCase.SuiteTestBuy" tests="1" failures="0" timestamp="11 二月 2018 13:02:03 GMT" time="2.183" errors="0">
  <testcase name="testBuy" time="2.183" classname="com.mushishi.selenium.testCase.SuiteTestBuy"/>
</testsuite> <!-- com.mushishi.selenium.testCase.SuiteTestBuy -->
