<?xml version="1.0" encoding="UTF-8"?>
<!-- Generated by org.testng.reporters.JUnitReportReporter -->
<testsuite skipped="0" hostname="DESKTOP-V6094B8" name="com.mushishi.selenium.testCase.SuiteTestLogin" tests="1" failures="0" timestamp="11 二月 2018 13:02:03 GMT" time="5.696" errors="0">
  <testcase name="testLogin" time="5.696" classname="com.mushishi.selenium.testCase.SuiteTestLogin"/>
</testsuite> <!-- com.mushishi.selenium.testCase.SuiteTestLogin -->
