<?xml version="1.0" encoding="UTF-8"?>
<!-- Generated by org.testng.reporters.JUnitReportReporter -->
<testsuite skipped="0" hostname="DESKTOP-V6094B8" name="com.mushishi.selenium.testCase.testngTest" tests="2" failures="0" timestamp="11 二月 2018 13:02:03 GMT" time="0.002" errors="0">
  <testcase name="test002" time="0.000" classname="com.mushishi.selenium.testCase.testngTest"/>
  <testcase name="test" time="0.002" classname="com.mushishi.selenium.testCase.testngTest"/>
</testsuite> <!-- com.mushishi.selenium.testCase.testngTest -->
